2020-11-24 20:26:39.124 [background-preinit] INFO  o.h.validator.internal.util.Version - HV000001: Hibernate Validator 6.1.5.Final
2020-11-24 20:26:39.739 [background-preinit] WARN  o.s.h.c.j.Jackson2ObjectMapperBuilder - For Jackson Kotlin classes support please add "com.fasterxml.jackson.module:jackson-module-kotlin" to the classpath
2020-11-24 20:26:40.780 [main] INFO  c.s.article.ArticleApplication - The following profiles are active: dev
2020-11-24 20:26:41.855 [main] WARN  t.m.s.mapper.ClassPathMapperScanner - No MyBatis mapper was found in '[com.soft1851.article]' package. Please check your configuration.
2020-11-24 20:26:42.029 [main] INFO  o.s.d.r.c.RepositoryConfigurationDelegate - Multiple Spring Data modules found, entering strict repository configuration mode!
2020-11-24 20:26:42.031 [main] INFO  o.s.d.r.c.RepositoryConfigurationDelegate - Bootstrapping Spring Data MongoDB repositories in DEFAULT mode.
2020-11-24 20:26:42.054 [main] INFO  o.s.d.r.c.RepositoryConfigurationDelegate - Finished Spring Data repository scanning in 16ms. Found 0 MongoDB repository interfaces.
2020-11-24 20:26:42.097 [main] INFO  o.s.d.r.c.RepositoryConfigurationDelegate - Multiple Spring Data modules found, entering strict repository configuration mode!
2020-11-24 20:26:42.100 [main] INFO  o.s.d.r.c.RepositoryConfigurationDelegate - Bootstrapping Spring Data Redis repositories in DEFAULT mode.
2020-11-24 20:26:42.115 [main] INFO  o.s.d.r.c.RepositoryConfigurationDelegate - Finished Spring Data repository scanning in 2ms. Found 0 Redis repository interfaces.
2020-11-24 20:26:42.343 [main] WARN  o.m.s.mapper.ClassPathMapperScanner - No MyBatis mapper was found in '[com.soft1851.article]' package. Please check your configuration.
2020-11-24 20:26:42.450 [main] INFO  o.s.cloud.context.scope.GenericScope - BeanFactory id=db496a16-784f-3044-8e4a-2dc4b3c30029
2020-11-24 20:26:42.976 [main] INFO  o.s.b.w.e.tomcat.TomcatWebServer - Tomcat initialized with port(s): 8001 (http)
2020-11-24 20:26:42.987 [main] INFO  o.a.coyote.http11.Http11NioProtocol - Initializing ProtocolHandler ["http-nio-8001"]
2020-11-24 20:26:42.988 [main] INFO  o.a.catalina.core.StandardService - Starting service [Tomcat]
2020-11-24 20:26:42.988 [main] INFO  o.a.catalina.core.StandardEngine - Starting Servlet engine: [Apache Tomcat/9.0.38]
2020-11-24 20:26:43.150 [main] INFO  o.a.c.c.C.[Tomcat].[localhost].[/] - Initializing Spring embedded WebApplicationContext
2020-11-24 20:26:43.151 [main] INFO  o.s.b.w.s.c.ServletWebServerApplicationContext - Root WebApplicationContext: initialization completed in 2357 ms
2020-11-24 20:26:43.311 [main] WARN  o.s.b.w.s.c.AnnotationConfigServletWebServerApplicationContext - Exception encountered during context initialization - cancelling refresh attempt: org.springframework.beans.factory.UnsatisfiedDependencyException: Error creating bean with name 'articleController' defined in file [E:\play-code\soft-news\soft-news-service-article\target\classes\com\soft1851\article\controller\ArticleController.class]: Unsatisfied dependency expressed through constructor parameter 0; nested exception is org.springframework.beans.factory.UnsatisfiedDependencyException: Error creating bean with name 'articleServiceImpl' defined in file [E:\play-code\soft-news\soft-news-service-article\target\classes\com\soft1851\article\service\impl\ArticleServiceImpl.class]: Unsatisfied dependency expressed through constructor parameter 0; nested exception is org.springframework.beans.factory.NoSuchBeanDefinitionException: No qualifying bean of type 'com.soft1851.article.mapper.ArticleMapper' available: expected at least 1 bean which qualifies as autowire candidate. Dependency annotations: {}
2020-11-24 20:26:43.313 [main] INFO  o.a.catalina.core.StandardService - Stopping service [Tomcat]
2020-11-24 20:26:43.325 [main] INFO  o.s.b.a.l.ConditionEvaluationReportLoggingListener - 

Error starting ApplicationContext. To display the conditions report re-run your application with 'debug' enabled.
2020-11-24 20:26:43.563 [main] ERROR o.s.b.d.LoggingFailureAnalysisReporter - 

***************************
APPLICATION FAILED TO START
***************************

Description:

Parameter 0 of constructor in com.soft1851.article.service.impl.ArticleServiceImpl required a bean of type 'com.soft1851.article.mapper.ArticleMapper' that could not be found.


Action:

Consider defining a bean of type 'com.soft1851.article.mapper.ArticleMapper' in your configuration.

2020-11-24 20:26:58.757 [background-preinit] INFO  o.h.validator.internal.util.Version - HV000001: Hibernate Validator 6.1.5.Final
2020-11-24 20:26:59.065 [background-preinit] WARN  o.s.h.c.j.Jackson2ObjectMapperBuilder - For Jackson Kotlin classes support please add "com.fasterxml.jackson.module:jackson-module-kotlin" to the classpath
