2020-11-26 15:02:03.054 [background-preinit] INFO  o.h.validator.internal.util.Version - HV000001: Hibernate Validator 6.1.5.Final
2020-11-26 15:02:03.315 [background-preinit] WARN  o.s.h.c.j.Jackson2ObjectMapperBuilder - For Jackson Kotlin classes support please add "com.fasterxml.jackson.module:jackson-module-kotlin" to the classpath
2020-11-26 15:02:04.300 [main] INFO  c.s.article.ArticleApplication - The following profiles are active: dev
2020-11-26 15:02:04.984 [main] INFO  o.s.d.r.c.RepositoryConfigurationDelegate - Multiple Spring Data modules found, entering strict repository configuration mode!
2020-11-26 15:02:04.985 [main] INFO  o.s.d.r.c.RepositoryConfigurationDelegate - Bootstrapping Spring Data MongoDB repositories in DEFAULT mode.
2020-11-26 15:02:05.004 [main] INFO  o.s.d.r.c.RepositoryConfigurationDelegate - Finished Spring Data repository scanning in 15ms. Found 0 MongoDB repository interfaces.
2020-11-26 15:02:05.016 [main] INFO  o.s.d.r.c.RepositoryConfigurationDelegate - Multiple Spring Data modules found, entering strict repository configuration mode!
2020-11-26 15:02:05.017 [main] INFO  o.s.d.r.c.RepositoryConfigurationDelegate - Bootstrapping Spring Data Redis repositories in DEFAULT mode.
2020-11-26 15:02:05.025 [main] INFO  o.s.d.r.c.RepositoryConfigurationDelegate - Finished Spring Data repository scanning in 2ms. Found 0 Redis repository interfaces.
2020-11-26 15:02:05.160 [main] WARN  o.m.s.mapper.ClassPathMapperScanner - No MyBatis mapper was found in '[com.soft1851.article]' package. Please check your configuration.
2020-11-26 15:02:05.225 [main] INFO  o.s.cloud.context.scope.GenericScope - BeanFactory id=631b4d5c-6ec8-3957-9e5f-20b66c51c564
2020-11-26 15:02:05.589 [main] INFO  o.s.b.w.e.tomcat.TomcatWebServer - Tomcat initialized with port(s): 8001 (http)
2020-11-26 15:02:05.598 [main] INFO  o.a.coyote.http11.Http11NioProtocol - Initializing ProtocolHandler ["http-nio-8001"]
2020-11-26 15:02:05.598 [main] INFO  o.a.catalina.core.StandardService - Starting service [Tomcat]
2020-11-26 15:02:05.599 [main] INFO  o.a.catalina.core.StandardEngine - Starting Servlet engine: [Apache Tomcat/9.0.38]
2020-11-26 15:02:05.696 [main] INFO  o.a.c.c.C.[Tomcat].[localhost].[/] - Initializing Spring embedded WebApplicationContext
2020-11-26 15:02:05.696 [main] INFO  o.s.b.w.s.c.ServletWebServerApplicationContext - Root WebApplicationContext: initialization completed in 1382 ms
2020-11-26 15:02:07.199 [main] WARN  c.n.c.sources.URLConfigurationSource - No URLs will be polled as dynamic configuration sources.
2020-11-26 15:02:07.199 [main] INFO  c.n.c.sources.URLConfigurationSource - To enable URLs as dynamic configuration sources, define System property archaius.configurationSource.additionalUrls or make config.properties available on classpath.
2020-11-26 15:02:07.202 [main] WARN  c.n.c.sources.URLConfigurationSource - No URLs will be polled as dynamic configuration sources.
2020-11-26 15:02:07.202 [main] INFO  c.n.c.sources.URLConfigurationSource - To enable URLs as dynamic configuration sources, define System property archaius.configurationSource.additionalUrls or make config.properties available on classpath.
2020-11-26 15:02:07.313 [main] INFO  o.s.s.c.ThreadPoolTaskExecutor - Initializing ExecutorService 'applicationTaskExecutor'
2020-11-26 15:02:07.426 [main] INFO  t.m.m.a.MapperCacheDisabler - Clear tk.mybatis.mapper.util.MsUtil CLASS_CACHE cache.
2020-11-26 15:02:07.426 [main] INFO  t.m.m.a.MapperCacheDisabler - Clear tk.mybatis.mapper.genid.GenIdUtil CACHE cache.
2020-11-26 15:02:07.426 [main] INFO  t.m.m.a.MapperCacheDisabler - Clear tk.mybatis.mapper.version.VersionUtil CACHE cache.
2020-11-26 15:02:07.426 [main] INFO  t.m.m.a.MapperCacheDisabler - Clear EntityHelper entityTableMap cache.
2020-11-26 15:02:07.532 [main] INFO  org.mongodb.driver.cluster - Cluster created with settings {hosts=[121.196.104.253:27017], mode=SINGLE, requiredClusterType=UNKNOWN, serverSelectionTimeout='30000 ms', maxWaitQueueSize=500}
2020-11-26 15:02:07.729 [main] WARN  o.s.data.convert.CustomConversions - Registering converter from class java.time.LocalDateTime to class org.joda.time.LocalDateTime as reading converter although it doesn't convert from a store-supported type! You might want to check your annotation setup at the converter implementation.
2020-11-26 15:02:07.748 [cluster-ClusterId{value='5fbf52efe0a11f7b478328e5', description='null'}-121.196.104.253:27017] INFO  org.mongodb.driver.connection - Opened connection [connectionId{localValue:1, serverValue:337}] to 121.196.104.253:27017
2020-11-26 15:02:07.760 [main] WARN  o.s.data.convert.CustomConversions - Registering converter from class java.time.LocalDateTime to class org.joda.time.LocalDateTime as reading converter although it doesn't convert from a store-supported type! You might want to check your annotation setup at the converter implementation.
2020-11-26 15:02:07.778 [cluster-ClusterId{value='5fbf52efe0a11f7b478328e5', description='null'}-121.196.104.253:27017] INFO  org.mongodb.driver.cluster - Monitor thread successfully connected to server with description ServerDescription{address=121.196.104.253:27017, type=STANDALONE, state=CONNECTED, ok=true, version=ServerVersion{versionList=[4, 4, 2]}, minWireVersion=0, maxWireVersion=9, maxDocumentSize=16777216, logicalSessionTimeoutMinutes=30, roundTripTimeNanos=27192500}
2020-11-26 15:02:07.953 [main] INFO  o.s.s.c.ThreadPoolTaskScheduler - Initializing ExecutorService 'taskScheduler'
2020-11-26 15:02:08.722 [main] INFO  o.a.coyote.http11.Http11NioProtocol - Starting ProtocolHandler ["http-nio-8001"]
2020-11-26 15:02:08.742 [main] INFO  o.s.b.w.e.tomcat.TomcatWebServer - Tomcat started on port(s): 8001 (http) with context path ''
2020-11-26 15:02:09.415 [main] INFO  s.d.s.w.p.DocumentationPluginsBootstrapper - Context refreshed
2020-11-26 15:02:09.426 [main] INFO  s.d.s.w.p.DocumentationPluginsBootstrapper - Found 1 custom documentation plugin(s)
2020-11-26 15:02:09.432 [main] INFO  s.d.s.w.s.ApiListingReferenceScanner - Scanning for api listing references
2020-11-26 15:02:09.549 [main] INFO  c.s.article.ArticleApplication - Started ArticleApplication in 7.785 seconds (JVM running for 9.269)
2020-11-26 15:02:10.030 [scheduling-1] INFO  com.zaxxer.hikari.HikariDataSource - DateSourceHikariCP - Starting...
2020-11-26 15:02:10.583 [scheduling-1] INFO  com.zaxxer.hikari.HikariDataSource - DateSourceHikariCP - Start completed.
2020-11-26 15:02:10.611 [scheduling-1] INFO  c.s.api.aspect.ServiceLogAspect - === 开始执行class com.soft1851.article.service.impl.ArticleServiceImpl，updateAppointToPublish====
2020-11-26 15:02:10.713 [scheduling-1] INFO  c.s.api.aspect.ServiceLogAspect - 当前执行耗时：101
2020-11-26 15:02:20.007 [scheduling-1] INFO  c.s.api.aspect.ServiceLogAspect - === 开始执行class com.soft1851.article.service.impl.ArticleServiceImpl，updateAppointToPublish====
2020-11-26 15:02:20.009 [scheduling-1] INFO  c.s.api.aspect.ServiceLogAspect - 当前执行耗时：2
2020-11-26 15:02:30.007 [scheduling-1] INFO  c.s.api.aspect.ServiceLogAspect - === 开始执行class com.soft1851.article.service.impl.ArticleServiceImpl，updateAppointToPublish====
2020-11-26 15:02:30.008 [scheduling-1] INFO  c.s.api.aspect.ServiceLogAspect - 当前执行耗时：1
2020-11-26 15:02:40.005 [scheduling-1] INFO  c.s.api.aspect.ServiceLogAspect - === 开始执行class com.soft1851.article.service.impl.ArticleServiceImpl，updateAppointToPublish====
2020-11-26 15:02:40.006 [scheduling-1] INFO  c.s.api.aspect.ServiceLogAspect - 当前执行耗时：1
2020-11-26 15:02:50.004 [scheduling-1] INFO  c.s.api.aspect.ServiceLogAspect - === 开始执行class com.soft1851.article.service.impl.ArticleServiceImpl，updateAppointToPublish====
2020-11-26 15:02:50.004 [scheduling-1] INFO  c.s.api.aspect.ServiceLogAspect - 当前执行耗时：0
2020-11-26 15:03:00.004 [scheduling-1] INFO  c.s.api.aspect.ServiceLogAspect - === 开始执行class com.soft1851.article.service.impl.ArticleServiceImpl，updateAppointToPublish====
2020-11-26 15:03:00.006 [scheduling-1] INFO  c.s.api.aspect.ServiceLogAspect - 当前执行耗时：2
2020-11-26 15:03:10.005 [scheduling-1] INFO  c.s.api.aspect.ServiceLogAspect - === 开始执行class com.soft1851.article.service.impl.ArticleServiceImpl，updateAppointToPublish====
2020-11-26 15:03:10.006 [scheduling-1] INFO  c.s.api.aspect.ServiceLogAspect - 当前执行耗时：1
